SF:lib/src/painters/worm_painter.dart
DA:16,4
DA:20,4
DA:22,4
DA:25,4
DA:27,16
DA:28,16
DA:31,16
DA:32,12
DA:33,3
DA:35,3
DA:37,24
DA:38,3
DA:40,3
DA:44,4
DA:45,16
DA:46,8
DA:48,24
DA:49,12
DA:51,24
DA:53,6
DA:54,8
DA:56,4
DA:57,6
DA:58,4
DA:60,3
DA:63,4
DA:65,8
DA:67,8
DA:68,4
DA:70,12
DA:71,12
DA:72,6
DA:73,3
DA:74,3
DA:75,3
DA:77,4
LF:36
LH:36
end_of_record
SF:lib/src/effects/color_transition_effect.dart
DA:13,1
DA:24,1
DA:34,2
DA:36,2
LF:4
LH:4
end_of_record
SF:lib/src/effects/expanding_dots_effect.dart
DA:14,1
DA:25,2
DA:26,1
DA:36,3
DA:39,3
DA:40,27
DA:41,3
DA:44,2
DA:46,2
DA:49,1
DA:51,3
DA:52,2
DA:54,6
DA:55,1
DA:56,2
DA:60,0
LF:16
LH:15
end_of_record
SF:lib/src/effects/indicator_effect.dart
DA:7,11
DA:54,9
DA:63,18
DA:64,9
DA:65,9
DA:66,9
DA:68,9
DA:70,72
DA:73,4
DA:75,12
DA:76,7
DA:77,20
DA:81,1
LF:13
LH:13
end_of_record
SF:lib/src/effects/jumping_dot_effect.dart
DA:18,1
DA:30,1
DA:40,3
DA:42,3
DA:43,18
DA:44,24
DA:48,2
DA:50,2
LF:8
LH:8
end_of_record
SF:lib/src/effects/scale_effect.dart
DA:20,1
DA:33,1
DA:44,3
DA:47,9
DA:48,3
DA:49,3
DA:50,18
DA:55,2
DA:57,2
LF:9
LH:9
end_of_record
SF:lib/src/effects/scrolling_dots_effect.dart
DA:34,1
DA:49,2
DA:50,4
DA:51,1
DA:62,4
DA:65,24
DA:66,8
DA:67,12
DA:69,16
DA:72,1
DA:74,3
DA:75,1
DA:76,2
DA:77,1
DA:78,1
DA:81,1
DA:83,0
DA:85,5
DA:87,1
DA:88,5
DA:93,0
DA:96,2
DA:98,2
DA:100,3
DA:103,1
DA:109,2
LF:26
LH:24
end_of_record
SF:lib/src/effects/slide_effect.dart
DA:15,1
DA:26,1
DA:36,2
DA:38,2
LF:4
LH:4
end_of_record
SF:lib/src/effects/swap_effect.dart
DA:15,1
DA:26,1
DA:37,3
DA:39,3
DA:40,6
DA:41,4
DA:42,6
DA:43,8
DA:45,18
DA:48,2
DA:50,2
LF:11
LH:11
end_of_record
SF:lib/src/effects/worm_effect.dart
DA:15,2
DA:26,2
DA:37,2
DA:39,2
LF:4
LH:4
end_of_record
SF:lib/src/effects/customizable_effect.dart
DA:32,2
DA:40,2
DA:43,12
DA:44,12
DA:47,12
DA:50,10
DA:51,2
DA:52,2
DA:53,14
DA:54,6
DA:55,2
DA:56,6
DA:58,2
DA:61,2
DA:63,2
DA:66,2
DA:68,6
DA:69,3
DA:70,12
DA:71,2
DA:72,6
DA:73,6
DA:76,4
DA:77,4
DA:81,1
DA:109,2
DA:119,2
DA:120,2
DA:121,6
DA:122,6
DA:123,6
DA:124,6
DA:125,6
DA:127,6
DA:129,6
DA:134,2
DA:143,2
DA:144,2
DA:145,1
DA:146,2
DA:147,1
DA:148,2
DA:149,2
DA:150,2
DA:179,2
DA:187,2
DA:188,14
DA:193,1
DA:200,2
DA:201,2
DA:204,2
DA:207,2
DA:208,6
DA:209,6
DA:210,6
LF:55
LH:55
end_of_record
SF:lib/src/painters/indicator_painter.dart
DA:21,19
DA:25,38
DA:26,19
DA:27,38
DA:28,38
DA:29,38
DA:30,19
DA:33,84
DA:39,8
DA:40,24
DA:41,8
DA:42,16
DA:47,8
DA:48,16
DA:49,16
DA:50,8
DA:52,32
DA:53,24
DA:54,32
DA:56,16
DA:63,5
DA:64,15
DA:65,15
DA:66,5
DA:67,15
DA:69,15
DA:74,6
DA:75,12
DA:76,24
DA:77,24
DA:79,6
DA:80,6
DA:81,6
DA:82,6
DA:83,6
DA:84,24
DA:96,21
DA:98,12
DA:101,36
LF:39
LH:39
end_of_record
SF:lib/src/smooth_page_indicator.dart
DA:39,1
DA:47,1
DA:49,1
DA:50,1
DA:70,2
DA:71,8
DA:74,6
DA:75,4
DA:76,2
DA:78,2
DA:82,2
DA:83,2
DA:84,2
DA:85,2
DA:91,1
DA:93,1
DA:94,1
DA:97,1
DA:99,1
DA:100,1
DA:103,1
DA:105,1
DA:106,2
DA:107,2
DA:108,1
DA:109,1
DA:110,1
DA:111,2
DA:112,1
DA:113,1
DA:118,1
DA:121,7
DA:122,3
DA:124,4
DA:128,1
DA:129,2
DA:131,1
DA:132,2
DA:134,1
DA:135,2
DA:137,1
DA:138,2
DA:165,1
DA:173,1
DA:175,3
DA:177,3
DA:178,3
DA:179,3
DA:180,3
DA:181,3
DA:182,3
DA:184,12
DA:190,1
DA:191,1
DA:192,6
DA:193,5
DA:194,2
DA:224,1
DA:235,1
DA:242,1
DA:244,1
DA:252,1
DA:254,1
DA:255,1
DA:258,1
DA:260,1
DA:261,1
DA:264,1
DA:266,2
DA:267,1
DA:268,3
DA:269,2
DA:273,1
DA:274,2
DA:276,1
DA:277,2
DA:279,1
DA:280,2
DA:282,1
DA:283,2
DA:285,1
DA:287,1
DA:291,1
DA:292,4
DA:293,2
DA:294,2
DA:295,2
DA:296,1
DA:297,1
LF:89
LH:89
end_of_record
SF:lib/src/painters/color_transition_painter.dart
DA:16,3
DA:20,3
DA:22,3
DA:24,6
DA:25,3
DA:26,9
DA:27,9
DA:29,6
DA:30,9
DA:31,6
DA:32,3
DA:34,15
DA:35,3
DA:36,21
DA:37,17
DA:39,3
DA:40,18
DA:41,3
DA:42,15
DA:44,9
DA:45,6
DA:48,6
DA:49,6
DA:50,3
DA:52,12
DA:53,9
DA:54,12
DA:55,3
DA:57,6
LF:29
LH:29
end_of_record
SF:lib/src/painters/customizable_painter.dart
DA:24,2
DA:28,2
DA:30,2
DA:32,4
DA:33,4
DA:34,4
DA:36,4
DA:37,2
DA:38,2
DA:39,2
DA:43,6
DA:45,6
DA:48,6
DA:50,8
DA:52,6
DA:54,6
DA:55,4
DA:56,1
DA:57,3
DA:59,4
DA:60,1
DA:61,3
DA:64,2
DA:66,2
DA:67,14
DA:69,2
DA:72,8
DA:73,8
DA:75,2
DA:77,6
DA:78,4
DA:79,6
DA:80,4
DA:81,4
DA:82,4
DA:83,4
DA:86,8
DA:87,6
DA:88,6
DA:90,2
DA:92,2
DA:93,8
DA:94,2
DA:95,8
DA:96,2
DA:97,8
DA:98,2
DA:99,8
DA:102,8
DA:104,4
DA:106,2
DA:107,4
DA:108,2
DA:109,2
DA:110,10
DA:114,2
DA:115,4
DA:116,6
DA:119,2
DA:120,6
DA:121,2
DA:122,6
DA:124,4
DA:126,2
DA:127,4
DA:137,2
DA:138,4
DA:140,2
DA:142,4
DA:143,0
DA:146,6
DA:147,4
DA:148,10
LF:73
LH:72
end_of_record
SF:lib/src/painters/expanding_dots_painter.dart
DA:16,3
DA:20,3
DA:22,3
DA:24,6
DA:25,9
DA:26,6
DA:28,9
DA:29,6
DA:30,15
DA:32,18
DA:33,9
DA:34,6
DA:35,3
DA:37,15
DA:38,3
DA:39,21
DA:40,9
DA:42,3
DA:43,15
DA:45,6
DA:46,3
DA:48,12
DA:49,3
DA:50,12
DA:51,3
DA:53,3
DA:54,9
LF:27
LH:27
end_of_record
SF:lib/src/painters/jumping_dot_painter.dart
DA:18,3
DA:22,3
DA:24,3
DA:27,9
DA:28,4
DA:30,3
DA:31,12
DA:32,12
DA:35,12
DA:36,4
DA:37,1
DA:39,1
DA:41,8
DA:42,1
DA:44,1
DA:49,9
DA:51,3
DA:52,6
DA:54,12
DA:56,3
DA:57,6
DA:58,12
DA:59,18
DA:60,15
DA:61,3
DA:62,3
DA:64,9
DA:65,9
DA:66,9
DA:67,3
DA:69,6
DA:70,3
DA:71,6
DA:72,6
DA:75,3
LF:35
LH:35
end_of_record
SF:lib/src/painters/scale_painter.dart
DA:16,3
DA:20,3
DA:22,3
DA:24,6
DA:25,3
DA:26,9
DA:27,9
DA:28,9
DA:30,6
DA:31,9
DA:32,9
DA:33,6
DA:34,18
DA:35,6
DA:37,3
DA:38,12
DA:40,15
DA:41,17
DA:42,6
DA:44,15
DA:46,3
DA:47,9
DA:51,3
DA:52,18
DA:53,9
DA:54,9
DA:55,3
DA:56,6
DA:57,18
DA:58,3
DA:60,3
DA:62,6
DA:63,3
DA:64,6
DA:65,6
LF:35
LH:35
end_of_record
SF:lib/src/painters/scrolling_dots_painter.dart
DA:21,3
DA:25,3
DA:27,3
DA:29,6
DA:30,12
DA:32,13
DA:34,12
DA:36,18
DA:37,3
DA:38,12
DA:39,9
DA:40,15
DA:42,12
DA:43,3
DA:44,9
DA:45,9
DA:48,6
DA:49,10
DA:51,6
DA:52,9
DA:53,6
DA:54,6
DA:58,3
DA:60,15
DA:61,16
DA:62,4
DA:64,12
DA:66,11
DA:67,5
DA:68,4
DA:69,2
DA:72,4
DA:74,6
DA:76,15
DA:77,6
DA:78,15
DA:80,3
DA:82,2
DA:86,4
DA:88,6
DA:90,6
DA:91,6
DA:95,6
DA:97,3
DA:103,2
DA:107,9
DA:108,9
DA:109,6
DA:110,21
DA:112,3
DA:113,18
DA:114,6
DA:115,18
DA:116,6
DA:117,6
DA:120,6
LF:56
LH:56
end_of_record
SF:lib/src/painters/scrolling_dots_painter_with_fixed_center.dart
DA:13,2
DA:17,2
DA:19,2
DA:21,4
DA:22,4
DA:23,2
DA:24,6
DA:25,6
DA:27,6
DA:28,4
DA:29,2
DA:31,10
DA:32,4
DA:35,12
DA:39,4
DA:40,2
DA:41,8
DA:43,8
DA:44,4
DA:45,6
DA:46,4
DA:47,6
DA:48,6
DA:49,6
DA:50,4
DA:51,2
DA:52,6
DA:53,2
DA:60,2
DA:61,2
DA:62,20
DA:67,4
DA:71,12
DA:72,2
DA:74,2
DA:75,6
DA:76,6
DA:77,2
DA:80,2
DA:82,6
DA:83,6
DA:85,14
DA:86,2
DA:87,2
DA:88,4
DA:89,4
DA:90,4
DA:91,4
DA:92,4
LF:49
LH:49
end_of_record
SF:lib/src/painters/slide_painter.dart
DA:16,3
DA:20,3
DA:22,3
DA:26,3
DA:28,12
DA:29,12
DA:31,12
DA:32,4
DA:33,1
DA:35,1
DA:37,8
DA:38,1
DA:40,1
DA:44,9
DA:45,6
DA:46,3
DA:48,12
DA:49,9
DA:50,12
DA:51,3
DA:54,9
DA:55,4
DA:56,2
DA:57,2
DA:58,2
DA:60,3
LF:26
LH:26
end_of_record
SF:lib/src/painters/swap_painter.dart
DA:18,3
DA:22,3
DA:24,3
DA:26,6
DA:27,12
DA:28,12
DA:29,9
DA:30,6
DA:31,9
DA:33,12
DA:35,1
DA:37,8
DA:39,1
DA:41,1
DA:43,5
DA:44,4
DA:45,1
DA:46,2
DA:47,1
DA:49,1
DA:52,3
DA:53,3
DA:55,12
DA:56,9
DA:57,12
DA:58,3
DA:59,3
DA:61,3
DA:64,12
DA:66,9
DA:67,9
DA:68,2
DA:69,2
DA:70,12
DA:71,10
DA:72,12
DA:74,14
DA:75,8
DA:76,14
DA:79,3
DA:81,9
DA:82,2
DA:83,2
DA:84,2
DA:87,3
DA:88,3
DA:89,12
DA:91,3
DA:92,18
DA:96,3
DA:100,9
DA:102,3
DA:104,6
LF:53
LH:53
end_of_record
